\BOOKMARK [0][-]{figure.caption.2}{Resumen en espa\361ol}{}% 1
\BOOKMARK [0][-]{figure.caption.2}{Resumen en ingl\351s}{}% 2
\BOOKMARK [0][-]{chapter*.3}{Dedicatoria}{}% 3
\BOOKMARK [0][-]{chapter*.4}{Agradecimientos}{}% 4
\BOOKMARK [0][-]{chapter*.6}{Lista de figuras}{}% 5
\BOOKMARK [0][-]{chapter*.7}{Lista de tablas}{}% 6
\BOOKMARK [0][-]{chapter.1}{Amazing title}{}% 7
\BOOKMARK [0][-]{chapter.2}{Much title}{}% 8
\BOOKMARK [1][-]{section.2.1}{More stuff goes here}{chapter.2}% 9
\BOOKMARK [2][-]{subsubsection.2.1.0.1}{Another title}{section.2.1}% 10
\BOOKMARK [0][-]{chapter.3}{Wow title}{}% 11
\BOOKMARK [1][-]{section.3.1}{Stuff}{chapter.3}% 12
\BOOKMARK [1][-]{section.3.2}{Testing tables}{chapter.3}% 13
\BOOKMARK [1][-]{section.3.3}{Testing equations}{chapter.3}% 14
\BOOKMARK [1][-]{section.3.4}{Dise\361o de un m\351todo para identificar fatiga f\355sica}{chapter.3}% 15
\BOOKMARK [2][-]{subsection.3.4.1}{Extracci\363n de par\341metros}{section.3.4}% 16
\BOOKMARK [2][-]{subsection.3.4.2}{C\341lculo de la demanda de ox\355geno}{section.3.4}% 17
\BOOKMARK [0][-]{chapter.4}{Very t\355tulo}{}% 18
\BOOKMARK [0][-]{chapter.5}{Other much title}{}% 19
\BOOKMARK [0][-]{figure.caption.11}{Lista de referencias bibliogr\341ficas}{}% 20
\BOOKMARK [0][-]{appendix.Alph6}{Ap\351ndice}{}% 21
